<?xml version="1.0" encoding="UTF-8" standalone="no"?>
<testsuite failures="0" name="cucumber.runtime.formatter.JUnitFormatter" skipped="0" tests="1" time="21.260087">
<testcase classname="NewTours Login feature" name="NewTours Login test scenario" time="21.260087">
<system-out><![CDATA[Given User is already login page............................................passed
When Title name is NewTours.................................................passed
Then user enters username  and password.....................................passed
Then user clicks Login button...............................................passed
And user on home page.......................................................passed
]]></system-out>
</testcase>
</testsuite>
